#
# There is insufficient memory for the Java Runtime Environment to continue.
# Native memory allocation (malloc) failed to allocate 1272336 bytes for Chunk::new
# Possible reasons:
#   The system is out of physical RAM or swap space
#   The process is running with CompressedOops enabled, and the Java Heap may be blocking the growth of the native heap
# Possible solutions:
#   Reduce memory load on the system
#   Increase physical memory or swap space
#   Check if swap backing store is full
#   Decrease Java heap size (-Xmx/-Xms)
#   Decrease number of Java threads
#   Decrease Java thread stack sizes (-Xss)
#   Set larger code cache with -XX:ReservedCodeCacheSize=
#   JVM is running with Unscaled Compressed Oops mode in which the Java heap is
#     placed in the first 4GB address space. The Java Heap base address is the
#     maximum limit for the native heap growth. Please use -XX:HeapBaseMinAddress
#     to set the Java Heap base and to place the Java Heap above 4GB virtual address.
# This output file may be truncated or incomplete.
#
#  Out of Memory Error (./src/hotspot/share/memory/arena.cpp:197), pid=14840, tid=25948
#
# JRE version: OpenJDK Runtime Environment (11.0.10) (build 11.0.10+0-b96-7249189)
# Java VM: OpenJDK 64-Bit Server VM (11.0.10+0-b96-7249189, mixed mode, tiered, compressed oops, g1 gc, windows-amd64)
# No core dump will be written. Minidumps are not enabled by default on client versions of Windows
#

---------------  S U M M A R Y ------------

Command Line: --add-opens=java.base/java.util=ALL-UNNAMED --add-opens=java.base/java.lang=ALL-UNNAMED --add-opens=java.base/java.lang.invoke=ALL-UNNAMED --add-opens=java.base/java.util=ALL-UNNAMED --add-opens=java.prefs/java.util.prefs=ALL-UNNAMED --add-opens=java.prefs/java.util.prefs=ALL-UNNAMED --add-opens=java.base/java.nio.charset=ALL-UNNAMED --add-opens=java.base/java.net=ALL-UNNAMED --add-opens=java.base/java.util.concurrent.atomic=ALL-UNNAMED -Xmx2048m -Dfile.encoding=UTF-8 -Duser.country=CN -Duser.language=zh -Duser.variant org.gradle.launcher.daemon.bootstrap.GradleDaemon 7.0.2

Host: Intel(R) Core(TM) i5-8300H CPU @ 2.30GHz, 8 cores, 7G,  Windows 10 , 64 bit Build 18362 (10.0.18362.900)
Time: Thu Oct 28 12:33:04 2021 ?D1¨²¡À¨º¡Á?¨º¡À?? elapsed time: 15.657815 seconds (0d 0h 0m 15s)

---------------  T H R E A D  ---------------

Current thread (0x0000024fbac71000):  JavaThread "C2 CompilerThread0" daemon [_thread_in_native, id=25948, stack(0x0000009f0ba00000,0x0000009f0bb00000)]


Current CompileTask:
C2:  15657 5579   !   4       com.google.common.reflect.TypeVisitor::visit (225 bytes)

Stack: [0x0000009f0ba00000,0x0000009f0bb00000]
Native frames: (J=compiled Java code, j=interpreted, Vv=VM code, C=native code)
V  [jvm.dll+0x5ecfaa]
V  [jvm.dll+0x722bd5]
V  [jvm.dll+0x72412d]
V  [jvm.dll+0x7247e3]
V  [jvm.dll+0x242928]
V  [jvm.dll+0xbc4fc]
V  [jvm.dll+0xbca0c]
V  [jvm.dll+0x352d3b]
V  [jvm.dll+0x197e0c]
V  [jvm.dll+0x1fb70e]
V  [jvm.dll+0x1fa7f4]
V  [jvm.dll+0x18354c]
V  [jvm.dll+0x208ee7]
V  [jvm.dll+0x207731]
V  [jvm.dll+0x6eb1cf]
V  [jvm.dll+0x6e3d45]
V  [jvm.dll+0x5ebe96]
C  [ucrtbase.dll+0x20e82]
C  [KERNEL32.DLL+0x17bd4]
C  [ntdll.dll+0x6ce51]


---------------  P R O C E S S  ---------------

Threads class SMR info:
_java_thread_list=0x0000024fc16471c0, length=49, elements={
0x0000024f9deaa000, 0x0000024fba404800, 0x0000024fba405800, 0x0000024fbac1e000,
0x0000024fbac69000, 0x0000024fbac6c000, 0x0000024fbac71000, 0x0000024fbac72000,
0x0000024fbac74000, 0x0000024fbadf8000, 0x0000024fbc389000, 0x0000024fbaeb2000,
0x0000024fbc3c5000, 0x0000024fbcf90800, 0x0000024fbd53c800, 0x0000024fbc297000,
0x0000024fbcd4b800, 0x0000024fbad9f800, 0x0000024fbc7dd800, 0x0000024fbb905800,
0x0000024fbb907000, 0x0000024fbb906000, 0x0000024fbb904800, 0x0000024fbb901800,
0x0000024fbb908000, 0x0000024fbb902000, 0x0000024fbb903000, 0x0000024fbb904000,
0x0000024fbe8ea800, 0x0000024fbe8e7000, 0x0000024fbe8ec000, 0x0000024fbe8e8000,
0x0000024fbe8e9000, 0x0000024fbe8e6800, 0x0000024fbe8f1000, 0x0000024fbe8f2800,
0x0000024fbe8ed800, 0x0000024fbe8ed000, 0x0000024fbe8f3800, 0x0000024fbe8f2000,
0x0000024fbe8f4800, 0x0000024fbe8ee800, 0x0000024fbe8ef800, 0x0000024fbe8f0000,
0x0000024fbcfa1800, 0x0000024fbcfa7800, 0x0000024fbcfa8000, 0x0000024fbcfa2800,
0x0000024fbcfa5000
}

Java Threads: ( => current thread )
  0x0000024f9deaa000 JavaThread "main" [_thread_blocked, id=20540, stack(0x0000009f0ae00000,0x0000009f0af00000)]
  0x0000024fba404800 JavaThread "Reference Handler" daemon [_thread_blocked, id=10788, stack(0x0000009f0b500000,0x0000009f0b600000)]
  0x0000024fba405800 JavaThread "Finalizer" daemon [_thread_blocked, id=27492, stack(0x0000009f0b600000,0x0000009f0b700000)]
  0x0000024fbac1e000 JavaThread "Signal Dispatcher" daemon [_thread_blocked, id=27956, stack(0x0000009f0b700000,0x0000009f0b800000)]
  0x0000024fbac69000 JavaThread "Attach Listener" daemon [_thread_blocked, id=28812, stack(0x0000009f0b800000,0x0000009f0b900000)]
  0x0000024fbac6c000 JavaThread "Service Thread" daemon [_thread_blocked, id=492, stack(0x0000009f0b900000,0x0000009f0ba00000)]
=>0x0000024fbac71000 JavaThread "C2 CompilerThread0" daemon [_thread_in_native, id=25948, stack(0x0000009f0ba00000,0x0000009f0bb00000)]
  0x0000024fbac72000 JavaThread "C1 CompilerThread0" daemon [_thread_blocked, id=6560, stack(0x0000009f0bb00000,0x0000009f0bc00000)]
  0x0000024fbac74000 JavaThread "Sweeper thread" daemon [_thread_blocked, id=8784, stack(0x0000009f0bc00000,0x0000009f0bd00000)]
  0x0000024fbadf8000 JavaThread "Common-Cleaner" daemon [_thread_blocked, id=29516, stack(0x0000009f0bd00000,0x0000009f0be00000)]
  0x0000024fbc389000 JavaThread "Daemon health stats" [_thread_blocked, id=28728, stack(0x0000009f0c200000,0x0000009f0c300000)]
  0x0000024fbaeb2000 JavaThread "Incoming local TCP Connector on port 54180" [_thread_in_native, id=21672, stack(0x0000009f0bf00000,0x0000009f0c000000)]
  0x0000024fbc3c5000 JavaThread "Daemon periodic checks" [_thread_blocked, id=17456, stack(0x0000009f0c300000,0x0000009f0c400000)]
  0x0000024fbcf90800 JavaThread "Daemon" [_thread_blocked, id=14316, stack(0x0000009f0c400000,0x0000009f0c500000)]
  0x0000024fbd53c800 JavaThread "Handler for socket connection from /127.0.0.1:54180 to /127.0.0.1:54182" [_thread_in_native, id=28208, stack(0x0000009f0c500000,0x0000009f0c600000)]
  0x0000024fbc297000 JavaThread "Cancel handler" [_thread_blocked, id=5688, stack(0x0000009f0c600000,0x0000009f0c700000)]
  0x0000024fbcd4b800 JavaThread "Daemon worker" [_thread_blocked, id=20296, stack(0x0000009f0c700000,0x0000009f0c800000)]
  0x0000024fbad9f800 JavaThread "Asynchronous log dispatcher for DefaultDaemonConnection: socket connection from /127.0.0.1:54180 to /127.0.0.1:54182" [_thread_blocked, id=2760, stack(0x0000009f0c800000,0x0000009f0c900000)]
  0x0000024fbc7dd800 JavaThread "Stdin handler" [_thread_blocked, id=20720, stack(0x0000009f0c900000,0x0000009f0ca00000)]
  0x0000024fbb905800 JavaThread "Daemon client event forwarder" [_thread_blocked, id=24324, stack(0x0000009f0ca00000,0x0000009f0cb00000)]
  0x0000024fbb907000 JavaThread "Cache worker for file hash cache (C:\Users\Administrator\.gradle\caches\7.0.2\fileHashes)" [_thread_blocked, id=19680, stack(0x0000009f0d000000,0x0000009f0d100000)]
  0x0000024fbb906000 JavaThread "File lock request listener" [_thread_in_native, id=13552, stack(0x0000009f0d100000,0x0000009f0d200000)]
  0x0000024fbb904800 JavaThread "Cache worker for journal cache (C:\Users\Administrator\.gradle\caches\journal-1)" [_thread_blocked, id=2988, stack(0x0000009f0d300000,0x0000009f0d400000)]
  0x0000024fbb901800 JavaThread "Cache worker for file hash cache (E:\Notepad\.gradle\7.0.2\fileHashes)" [_thread_blocked, id=21464, stack(0x0000009f0d500000,0x0000009f0d600000)]
  0x0000024fbb908000 JavaThread "File watcher server" daemon [_thread_in_native, id=10396, stack(0x0000009f0d600000,0x0000009f0d700000)]
  0x0000024fbb902000 JavaThread "File watcher consumer" daemon [_thread_blocked, id=22960, stack(0x0000009f0d700000,0x0000009f0d800000)]
  0x0000024fbb903000 JavaThread "Cache worker for checksums cache (E:\Notepad\.gradle\checksums)" [_thread_blocked, id=27064, stack(0x0000009f0d800000,0x0000009f0d900000)]
  0x0000024fbb904000 JavaThread "Cache worker for cache directory md-supplier (C:\Users\Administrator\.gradle\caches\7.0.2\md-supplier)" [_thread_blocked, id=17020, stack(0x0000009f0d900000,0x0000009f0da00000)]
  0x0000024fbe8ea800 JavaThread "Cache worker for cache directory md-rule (C:\Users\Administrator\.gradle\caches\7.0.2\md-rule)" [_thread_blocked, id=848, stack(0x0000009f0da00000,0x0000009f0db00000)]
  0x0000024fbe8e7000 JavaThread "Cache worker for execution history cache (C:\Users\Administrator\.gradle\caches\7.0.2\executionHistory)" [_thread_blocked, id=4580, stack(0x0000009f0db00000,0x0000009f0dc00000)]
  0x0000024fbe8ec000 JavaThread "jar transforms" [_thread_blocked, id=26392, stack(0x0000009f0dc00000,0x0000009f0dd00000)]
  0x0000024fbe8e8000 JavaThread "jar transforms Thread 2" [_thread_blocked, id=26808, stack(0x0000009f0dd00000,0x0000009f0de00000)]
  0x0000024fbe8e9000 JavaThread "Cache worker for file content cache (C:\Users\Administrator\.gradle\caches\7.0.2\fileContent)" [_thread_blocked, id=26152, stack(0x0000009f0de00000,0x0000009f0df00000)]
  0x0000024fbe8e6800 JavaThread "Cache worker for dependencies-accessors (E:\Notepad\.gradle\7.0.2\dependencies-accessors)" [_thread_blocked, id=4248, stack(0x0000009f0df00000,0x0000009f0e000000)]
  0x0000024fbe8f1000 JavaThread "jar transforms Thread 3" [_thread_blocked, id=5788, stack(0x0000009f0d400000,0x0000009f0d500000)]
  0x0000024fbe8f2800 JavaThread "Cache worker for Build Output Cleanup Cache (E:\Notepad\.gradle\buildOutputCleanup)" [_thread_blocked, id=7084, stack(0x0000009f0e000000,0x0000009f0e100000)]
  0x0000024fbe8ed800 JavaThread "Build operations" [_thread_blocked, id=26860, stack(0x0000009f0e100000,0x0000009f0e200000)]
  0x0000024fbe8ed000 JavaThread "Build operations Thread 2" [_thread_blocked, id=3700, stack(0x0000009f0e200000,0x0000009f0e300000)]
  0x0000024fbe8f3800 JavaThread "Build operations Thread 3" [_thread_blocked, id=29648, stack(0x0000009f0e300000,0x0000009f0e400000)]
  0x0000024fbe8f2000 JavaThread "Build operations Thread 4" [_thread_blocked, id=19028, stack(0x0000009f0e400000,0x0000009f0e500000)]
  0x0000024fbe8f4800 JavaThread "Build operations Thread 5" [_thread_blocked, id=9600, stack(0x0000009f0e500000,0x0000009f0e600000)]
  0x0000024fbe8ee800 JavaThread "Build operations Thread 6" [_thread_blocked, id=14964, stack(0x0000009f0e600000,0x0000009f0e700000)]
  0x0000024fbe8ef800 JavaThread "Build operations Thread 7" [_thread_blocked, id=17444, stack(0x0000009f0e700000,0x0000009f0e800000)]
  0x0000024fbe8f0000 JavaThread "Build operations Thread 8" [_thread_blocked, id=25780, stack(0x0000009f0e800000,0x0000009f0e900000)]
  0x0000024fbcfa1800 JavaThread "jar transforms Thread 4" [_thread_blocked, id=15356, stack(0x0000009f0e900000,0x0000009f0ea00000)]
  0x0000024fbcfa7800 JavaThread "jar transforms Thread 5" [_thread_blocked, id=27104, stack(0x0000009f0ea00000,0x0000009f0eb00000)]
  0x0000024fbcfa8000 JavaThread "jar transforms Thread 6" [_thread_blocked, id=25672, stack(0x0000009f0eb00000,0x0000009f0ec00000)]
  0x0000024fbcfa2800 JavaThread "jar transforms Thread 7" [_thread_blocked, id=20536, stack(0x0000009f0ec00000,0x0000009f0ed00000)]
  0x0000024fbcfa5000 JavaThread "jar transforms Thread 8" [_thread_blocked, id=26156, stack(0x0000009f0ed00000,0x0000009f0ee00000)]

Other Threads:
  0x0000024fba3f1000 VMThread "VM Thread" [stack: 0x0000009f0b400000,0x0000009f0b500000] [id=29668]
  0x0000024fbae28800 WatcherThread [stack: 0x0000009f0be00000,0x0000009f0bf00000] [id=26976]
  0x0000024f9ff8e000 GCTaskThread "GC Thread#0" [stack: 0x0000009f0af00000,0x0000009f0b000000] [id=24640]
  0x0000024fbad18000 GCTaskThread "GC Thread#1" [stack: 0x0000009f0c000000,0x0000009f0c100000] [id=26052]
  0x0000024fbad19800 GCTaskThread "GC Thread#2" [stack: 0x0000009f0c100000,0x0000009f0c200000] [id=27244]
  0x0000024fbad13800 GCTaskThread "GC Thread#3" [stack: 0x0000009f0cb00000,0x0000009f0cc00000] [id=20716]
  0x0000024fbad16000 GCTaskThread "GC Thread#4" [stack: 0x0000009f0cc00000,0x0000009f0cd00000] [id=25816]
  0x0000024fbad17800 GCTaskThread "GC Thread#5" [stack: 0x0000009f0cd00000,0x0000009f0ce00000] [id=24936]
  0x0000024fbad14800 GCTaskThread "GC Thread#6" [stack: 0x0000009f0ce00000,0x0000009f0cf00000] [id=25372]
  0x0000024fbad16800 GCTaskThread "GC Thread#7" [stack: 0x0000009f0cf00000,0x0000009f0d000000] [id=28212]
  0x0000024f9ffc5000 ConcurrentGCThread "G1 Main Marker" [stack: 0x0000009f0b000000,0x0000009f0b100000] [id=11916]
  0x0000024f9ffc7800 ConcurrentGCThread "G1 Conc#0" [stack: 0x0000009f0b100000,0x0000009f0b200000] [id=9412]
  0x0000024fbad18800 ConcurrentGCThread "G1 Conc#1" [stack: 0x0000009f0d200000,0x0000009f0d300000] [id=27896]
  0x0000024fa003d800 ConcurrentGCThread "G1 Refine#0" [stack: 0x0000009f0b200000,0x0000009f0b300000] [id=29040]
  0x0000024fba23a800 ConcurrentGCThread "G1 Young RemSet Sampling" [stack: 0x0000009f0b300000,0x0000009f0b400000] [id=26908]

Threads with active compile tasks:
C2 CompilerThread0  15720 5579   !   4       com.google.common.reflect.TypeVisitor::visit (225 bytes)

VM state:at safepoint (normal execution)

VM Mutex/Monitor currently owned by a thread:  ([mutex/lock_event])
[0x0000024f9ff77720] Threads_lock - owner thread: 0x0000024fba3f1000
[0x0000024f9ff75c20] Heap_lock - owner thread: 0x0000024fbcd4b800

Heap address: 0x0000000080000000, size: 2048 MB, Compressed Oops mode: 32-bit
Narrow klass base: 0x0000000000000000, Narrow klass shift: 3
Compressed class space size: 1073741824 Address: 0x0000000100000000

Heap:
 garbage-first heap   total 131072K, used 44072K [0x0000000080000000, 0x0000000100000000)
  region size 1024K, 3 young (3072K), 3 survivors (3072K)
 Metaspace       used 56489K, capacity 57949K, committed 58112K, reserved 1099776K
  class space    used 7169K, capacity 7663K, committed 7680K, reserved 1048576K
Heap Regions: E=young(eden), S=young(survivor), O=old, HS=humongous(starts), HC=humongous(continues), CS=collection set, F=free, A=archive, TAMS=top-at-mark-start (previous, next)
|   0|0x0000000080000000, 0x0000000080100000, 0x0000000080100000|100%| O|  |TAMS 0x0000000080100000, 0x0000000080100000| Untracked 
|   1|0x0000000080100000, 0x0000000080200000, 0x0000000080200000|100%| O|  |TAMS 0x0000000080200000, 0x0000000080200000| Untracked 
|   2|0x0000000080200000, 0x0000000080300000, 0x0000000080300000|100%| O|  |TAMS 0x0000000080300000, 0x0000000080300000| Untracked 
|   3|0x0000000080300000, 0x0000000080400000, 0x0000000080400000|100%|HS|  |TAMS 0x0000000080400000, 0x0000000080400000| Complete 
|   4|0x0000000080400000, 0x0000000080500000, 0x0000000080500000|100%|HC|  |TAMS 0x0000000080500000, 0x0000000080500000| Complete 
|   5|0x0000000080500000, 0x0000000080600000, 0x0000000080600000|100%|HC|  |TAMS 0x0000000080600000, 0x0000000080600000| Complete 
|   6|0x0000000080600000, 0x0000000080700000, 0x0000000080700000|100%| O|  |TAMS 0x0000000080700000, 0x0000000080700000| Untracked 
|   7|0x0000000080700000, 0x0000000080800000, 0x0000000080800000|100%| O|  |TAMS 0x0000000080800000, 0x0000000080800000| Untracked 
|   8|0x0000000080800000, 0x0000000080900000, 0x0000000080900000|100%| O|  |TAMS 0x0000000080900000, 0x0000000080900000| Untracked 
|   9|0x0000000080900000, 0x0000000080a00000, 0x0000000080a00000|100%| O|  |TAMS 0x0000000080a00000, 0x0000000080a00000| Untracked 
|  10|0x0000000080a00000, 0x0000000080b00000, 0x0000000080b00000|100%| O|  |TAMS 0x0000000080b00000, 0x0000000080b00000| Untracked 
|  11|0x0000000080b00000, 0x0000000080c00000, 0x0000000080c00000|100%| O|  |TAMS 0x0000000080c00000, 0x0000000080c00000| Untracked 
|  12|0x0000000080c00000, 0x0000000080d00000, 0x0000000080d00000|100%| O|  |TAMS 0x0000000080d00000, 0x0000000080d00000| Untracked 
|  13|0x0000000080d00000, 0x0000000080e00000, 0x0000000080e00000|100%| O|  |TAMS 0x0000000080e00000, 0x0000000080e00000| Untracked 
|  14|0x0000000080e00000, 0x0000000080f00000, 0x0000000080f00000|100%| O|  |TAMS 0x0000000080f00000, 0x0000000080f00000| Untracked 
|  15|0x0000000080f00000, 0x0000000081000000, 0x0000000081000000|100%| O|  |TAMS 0x0000000080fa3e00, 0x0000000081000000| Untracked 
|  16|0x0000000081000000, 0x0000000081100000, 0x0000000081100000|100%|HS|  |TAMS 0x0000000081000000, 0x0000000081100000| Complete 
|  17|0x0000000081100000, 0x0000000081200000, 0x0000000081200000|100%| O|  |TAMS 0x0000000081100000, 0x0000000081200000| Untracked 
|  18|0x0000000081200000, 0x0000000081300000, 0x0000000081300000|100%| O|  |TAMS 0x0000000081200000, 0x0000000081300000| Untracked 
|  19|0x0000000081300000, 0x0000000081400000, 0x0000000081400000|100%| O|  |TAMS 0x0000000081300000, 0x0000000081400000| Untracked 
|  20|0x0000000081400000, 0x0000000081500000, 0x0000000081500000|100%| O|  |TAMS 0x0000000081400000, 0x0000000081500000| Untracked 
|  21|0x0000000081500000, 0x0000000081600000, 0x0000000081600000|100%| O|  |TAMS 0x0000000081500000, 0x0000000081600000| Untracked 
|  22|0x0000000081600000, 0x0000000081700000, 0x0000000081700000|100%| O|  |TAMS 0x0000000081600000, 0x0000000081700000| Untracked 
|  23|0x0000000081700000, 0x0000000081800000, 0x0000000081800000|100%|HS|  |TAMS 0x0000000081700000, 0x0000000081800000| Complete 
|  24|0x0000000081800000, 0x0000000081900000, 0x0000000081900000|100%|HS|  |TAMS 0x0000000081800000, 0x0000000081900000| Complete 
|  25|0x0000000081900000, 0x0000000081a00000, 0x0000000081a00000|100%|HC|  |TAMS 0x0000000081900000, 0x0000000081a00000| Complete 
|  26|0x0000000081a00000, 0x0000000081b00000, 0x0000000081b00000|100%| O|  |TAMS 0x0000000081a00000, 0x0000000081b00000| Untracked 
|  27|0x0000000081b00000, 0x0000000081c00000, 0x0000000081c00000|100%| O|  |TAMS 0x0000000081b00000, 0x0000000081c00000| Untracked 
|  28|0x0000000081c00000, 0x0000000081d00000, 0x0000000081d00000|100%| O|  |TAMS 0x0000000081c00000, 0x0000000081d00000| Untracked 
|  29|0x0000000081d00000, 0x0000000081e00000, 0x0000000081e00000|100%| O|  |TAMS 0x0000000081d00000, 0x0000000081e00000| Untracked 
|  30|0x0000000081e00000, 0x0000000081f00000, 0x0000000081f00000|100%| O|  |TAMS 0x0000000081e00000, 0x0000000081f00000| Untracked 
|  31|0x0000000081f00000, 0x0000000082000000, 0x0000000082000000|100%| O|  |TAMS 0x0000000081f00000, 0x0000000082000000| Untracked 
|  32|0x0000000082000000, 0x0000000082100000, 0x0000000082100000|100%| O|  |TAMS 0x0000000082000000, 0x0000000082100000| Untracked 
|  33|0x0000000082100000, 0x0000000082200000, 0x0000000082200000|100%| O|  |TAMS 0x0000000082100000, 0x0000000082200000| Untracked 
|  34|0x0000000082200000, 0x0000000082300000, 0x0000000082300000|100%| O|  |TAMS 0x0000000082200000, 0x0000000082300000| Untracked 
|  35|0x0000000082300000, 0x0000000082400000, 0x0000000082400000|100%| O|  |TAMS 0x0000000082300000, 0x0000000082400000| Untracked 
|  36|0x0000000082400000, 0x0000000082500000, 0x0000000082500000|100%| O|  |TAMS 0x0000000082400000, 0x0000000082500000| Untracked 
|  37|0x0000000082500000, 0x0000000082600000, 0x0000000082600000|100%| O|  |TAMS 0x0000000082500000, 0x0000000082600000| Untracked 
|  38|0x0000000082600000, 0x0000000082700000, 0x0000000082700000|100%| O|  |TAMS 0x0000000082600000, 0x0000000082700000| Untracked 
|  39|0x0000000082700000, 0x0000000082800000, 0x0000000082800000|100%| O|  |TAMS 0x0000000082700000, 0x0000000082800000| Untracked 
|  40|0x0000000082800000, 0x00000000828bd400, 0x0000000082900000| 73%| O|  |TAMS 0x0000000082800000, 0x00000000828bd400| Untracked 
|  41|0x0000000082900000, 0x0000000082900000, 0x0000000082a00000|  0%| F|  |TAMS 0x0000000082900000, 0x0000000082900000| Untracked 
|  42|0x0000000082a00000, 0x0000000082a00000, 0x0000000082b00000|  0%| F|  |TAMS 0x0000000082a00000, 0x0000000082a00000| Untracked 
|  43|0x0000000082b00000, 0x0000000082b00000, 0x0000000082c00000|  0%| F|  |TAMS 0x0000000082b00000, 0x0000000082b00000| Untracked 
|  44|0x0000000082c00000, 0x0000000082c00000, 0x0000000082d00000|  0%| F|  |TAMS 0x0000000082c00000, 0x0000000082c00000| Untracked 
|  45|0x0000000082d00000, 0x0000000082d00000, 0x0000000082e00000|  0%| F|  |TAMS 0x0000000082d00000, 0x0000000082d00000| Untracked 
|  46|0x0000000082e00000, 0x0000000082e00000, 0x0000000082f00000|  0%| F|  |TAMS 0x0000000082e00000, 0x0000000082e00000| Untracked 
|  47|0x0000000082f00000, 0x0000000082f00000, 0x0000000083000000|  0%| F|  |TAMS 0x0000000082f00000, 0x0000000082f00000| Untracked 
|  48|0x0000000083000000, 0x0000000083000000, 0x0000000083100000|  0%| F|  |TAMS 0x0000000083000000, 0x0000000083000000| Untracked 
|  49|0x0000000083100000, 0x0000000083100000, 0x0000000083200000|  0%| F|  |TAMS 0x0000000083100000, 0x0000000083100000| Untracked 
|  50|0x0000000083200000, 0x0000000083200000, 0x0000000083300000|  0%| F|  |TAMS 0x0000000083200000, 0x0000000083200000| Untracked 
|  51|0x0000000083300000, 0x0000000083300000, 0x0000000083400000|  0%| F|  |TAMS 0x0000000083300000, 0x0000000083300000| Untracked 
|  52|0x0000000083400000, 0x0000000083400000, 0x0000000083500000|  0%| F|  |TAMS 0x0000000083400000, 0x0000000083400000| Untracked 
|  53|0x0000000083500000, 0x0000000083500000, 0x0000000083600000|  0%| F|  |TAMS 0x0000000083500000, 0x0000000083500000| Untracked 
|  54|0x0000000083600000, 0x0000000083600000, 0x0000000083700000|  0%| F|  |TAMS 0x0000000083600000, 0x0000000083600000| Untracked 
|  55|0x0000000083700000, 0x0000000083700000, 0x0000000083800000|  0%| F|  |TAMS 0x0000000083700000, 0x0000000083700000| Untracked 
|  56|0x0000000083800000, 0x0000000083800000, 0x0000000083900000|  0%| F|  |TAMS 0x0000000083800000, 0x0000000083800000| Untracked 
|  57|0x0000000083900000, 0x0000000083900000, 0x0000000083a00000|  0%| F|  |TAMS 0x0000000083900000, 0x0000000083900000| Untracked 
|  58|0x0000000083a00000, 0x0000000083a00000, 0x0000000083b00000|  0%| F|  |TAMS 0x0000000083a00000, 0x0000000083a00000| Untracked 
|  59|0x0000000083b00000, 0x0000000083b00000, 0x0000000083c00000|  0%| F|  |TAMS 0x0000000083b00000, 0x0000000083b00000| Untracked 
|  60|0x0000000083c00000, 0x0000000083c00000, 0x0000000083d00000|  0%| F|  |TAMS 0x0000000083c00000, 0x0000000083c00000| Untracked 
|  61|0x0000000083d00000, 0x0000000083d00000, 0x0000000083e00000|  0%| F|  |TAMS 0x0000000083d00000, 0x0000000083d00000| Untracked 
|  62|0x0000000083e00000, 0x0000000083e00000, 0x0000000083f00000|  0%| F|  |TAMS 0x0000000083e00000, 0x0000000083e00000| Untracked 
|  63|0x0000000083f00000, 0x0000000083f00000, 0x0000000084000000|  0%| F|  |TAMS 0x0000000083f00000, 0x0000000083f00000| Untracked 
|  64|0x0000000084000000, 0x0000000084000000, 0x0000000084100000|  0%| F|  |TAMS 0x0000000084000000, 0x0000000084000000| Untracked 
|  65|0x0000000084100000, 0x0000000084100000, 0x0000000084200000|  0%| F|  |TAMS 0x0000000084100000, 0x0000000084100000| Untracked 
|  66|0x0000000084200000, 0x0000000084200000, 0x0000000084300000|  0%| F|  |TAMS 0x0000000084200000, 0x0000000084200000| Untracked 
|  67|0x0000000084300000, 0x0000000084300000, 0x0000000084400000|  0%| F|  |TAMS 0x0000000084300000, 0x0000000084300000| Untracked 
|  68|0x0000000084400000, 0x0000000084400000, 0x0000000084500000|  0%| F|  |TAMS 0x0000000084400000, 0x0000000084400000| Untracked 
|  69|0x0000000084500000, 0x0000000084500000, 0x0000000084600000|  0%| F|  |TAMS 0x0000000084500000, 0x0000000084500000| Untracked 
|  70|0x0000000084600000, 0x0000000084600000, 0x0000000084700000|  0%| F|  |TAMS 0x0000000084600000, 0x0000000084600000| Untracked 
|  71|0x0000000084700000, 0x0000000084700000, 0x0000000084800000|  0%| F|  |TAMS 0x0000000084700000, 0x0000000084700000| Untracked 
|  72|0x0000000084800000, 0x0000000084800000, 0x0000000084900000|  0%| F|  |TAMS 0x0000000084800000, 0x0000000084800000| Untracked 
|  73|0x0000000084900000, 0x0000000084900000, 0x0000000084a00000|  0%| F|  |TAMS 0x0000000084900000, 0x0000000084900000| Untracked 
|  74|0x0000000084a00000, 0x0000000084a00000, 0x0000000084b00000|  0%| F|  |TAMS 0x0000000084a00000, 0x0000000084a00000| Untracked 
|  75|0x0000000084b00000, 0x0000000084b00000, 0x0000000084c00000|  0%| F|  |TAMS 0x0000000084b00000, 0x0000000084b00000| Untracked 
|  76|0x0000000084c00000, 0x0000000084c00000, 0x0000000084d00000|  0%| F|  |TAMS 0x0000000084c00000, 0x0000000084c00000| Untracked 
|  77|0x0000000084d00000, 0x0000000084d4ce30, 0x0000000084e00000| 30%| S|CS|TAMS 0x0000000084d00000, 0x0000000084d00000| Complete 
|  78|0x0000000084e00000, 0x0000000084f00000, 0x0000000084f00000|100%| S|CS|TAMS 0x0000000084e00000, 0x0000000084e00000| Complete 
|  79|0x0000000084f00000, 0x0000000085000000, 0x0000000085000000|100%| S|CS|TAMS 0x0000000084f00000, 0x0000000084f00000| Complete 
|  80|0x0000000085000000, 0x0000000085000000, 0x0000000085100000|  0%| F|  |TAMS 0x0000000085000000, 0x0000000085000000| Untracked 
|  81|0x0000000085100000, 0x0000000085100000, 0x0000000085200000|  0%| F|  |TAMS 0x0000000085100000, 0x0000000085100000| Untracked 
|  82|0x0000000085200000, 0x0000000085200000, 0x0000000085300000|  0%| F|  |TAMS 0x0000000085200000, 0x0000000085200000| Untracked 
|  83|0x0000000085300000, 0x0000000085300000, 0x0000000085400000|  0%| F|  |TAMS 0x0000000085300000, 0x0000000085300000| Untracked 
|  84|0x0000000085400000, 0x0000000085400000, 0x0000000085500000|  0%| F|  |TAMS 0x0000000085400000, 0x0000000085400000| Untracked 
|  85|0x0000000085500000, 0x0000000085500000, 0x0000000085600000|  0%| F|  |TAMS 0x0000000085500000, 0x0000000085500000| Untracked 
|  86|0x0000000085600000, 0x0000000085600000, 0x0000000085700000|  0%| F|  |TAMS 0x0000000085600000, 0x0000000085600000| Untracked 
|  87|0x0000000085700000, 0x0000000085700000, 0x0000000085800000|  0%| F|  |TAMS 0x0000000085700000, 0x0000000085700000| Untracked 
|  88|0x0000000085800000, 0x0000000085800000, 0x0000000085900000|  0%| F|  |TAMS 0x0000000085800000, 0x0000000085800000| Untracked 
|  89|0x0000000085900000, 0x0000000085900000, 0x0000000085a00000|  0%| F|  |TAMS 0x0000000085900000, 0x0000000085900000| Untracked 
|  90|0x0000000085a00000, 0x0000000085a00000, 0x0000000085b00000|  0%| F|  |TAMS 0x0000000085a00000, 0x0000000085a00000| Untracked 
|  91|0x0000000085b00000, 0x0000000085b00000, 0x0000000085c00000|  0%| F|  |TAMS 0x0000000085b00000, 0x0000000085b00000| Untracked 
|  92|0x0000000085c00000, 0x0000000085c00000, 0x0000000085d00000|  0%| F|  |TAMS 0x0000000085c00000, 0x0000000085c00000| Untracked 
|  93|0x0000000085d00000, 0x0000000085d00000, 0x0000000085e00000|  0%| F|  |TAMS 0x0000000085d00000, 0x0000000085d00000| Untracked 
|  94|0x0000000085e00000, 0x0000000085e00000, 0x0000000085f00000|  0%| F|  |TAMS 0x0000000085e00000, 0x0000000085e00000| Untracked 
|  95|0x0000000085f00000, 0x0000000085f00000, 0x0000000086000000|  0%| F|  |TAMS 0x0000000085f00000, 0x0000000085f00000| Untracked 
|  96|0x0000000086000000, 0x0000000086000000, 0x0000000086100000|  0%| F|  |TAMS 0x0000000086000000, 0x0000000086000000| Untracked 
|  97|0x0000000086100000, 0x0000000086100000, 0x0000000086200000|  0%| F|  |TAMS 0x0000000086100000, 0x0000000086100000| Untracked 
|  98|0x0000000086200000, 0x0000000086200000, 0x0000000086300000|  0%| F|  |TAMS 0x0000000086200000, 0x0000000086200000| Untracked 
|  99|0x0000000086300000, 0x0000000086300000, 0x0000000086400000|  0%| F|  |TAMS 0x0000000086300000, 0x0000000086300000| Untracked 
| 100|0x0000000086400000, 0x0000000086400000, 0x0000000086500000|  0%| F|  |TAMS 0x0000000086400000, 0x0000000086400000| Untracked 
| 101|0x0000000086500000, 0x0000000086500000, 0x0000000086600000|  0%| F|  |TAMS 0x0000000086500000, 0x0000000086500000| Untracked 
| 102|0x0000000086600000, 0x0000000086600000, 0x0000000086700000|  0%| F|  |TAMS 0x0000000086600000, 0x0000000086600000| Untracked 
| 103|0x0000000086700000, 0x0000000086700000, 0x0000000086800000|  0%| F|  |TAMS 0x0000000086700000, 0x0000000086700000| Untracked 
| 104|0x0000000086800000, 0x0000000086800000, 0x0000000086900000|  0%| F|  |TAMS 0x0000000086800000, 0x0000000086800000| Untracked 
| 105|0x0000000086900000, 0x0000000086900000, 0x0000000086a00000|  0%| F|  |TAMS 0x0000000086900000, 0x0000000086900000| Untracked 
| 106|0x0000000086a00000, 0x0000000086a00000, 0x0000000086b00000|  0%| F|  |TAMS 0x0000000086a00000, 0x0000000086a00000| Untracked 
| 107|0x0000000086b00000, 0x0000000086b00000, 0x0000000086c00000|  0%| F|  |TAMS 0x0000000086b00000, 0x0000000086b00000| Untracked 
| 108|0x0000000086c00000, 0x0000000086c00000, 0x0000000086d00000|  0%| F|  |TAMS 0x0000000086c00000, 0x0000000086c00000| Untracked 
| 109|0x0000000086d00000, 0x0000000086d00000, 0x0000000086e00000|  0%| F|  |TAMS 0x0000000086d00000, 0x0000000086d00000| Untracked 
| 110|0x0000000086e00000, 0x0000000086e00000, 0x0000000086f00000|  0%| F|  |TAMS 0x0000000086e00000, 0x0000000086e00000| Untracked 
| 111|0x0000000086f00000, 0x0000000086f00000, 0x0000000087000000|  0%| F|  |TAMS 0x0000000086f00000, 0x0000000086f00000| Untracked 
| 112|0x0000000087000000, 0x0000000087000000, 0x0000000087100000|  0%| F|  |TAMS 0x0000000087000000, 0x0000000087000000| Untracked 
| 113|0x0000000087100000, 0x0000000087100000, 0x0000000087200000|  0%| F|  |TAMS 0x0000000087100000, 0x0000000087100000| Untracked 
| 114|0x0000000087200000, 0x0000000087200000, 0x0000000087300000|  0%| F|  |TAMS 0x0000000087200000, 0x0000000087200000| Untracked 
| 115|0x0000000087300000, 0x0000000087300000, 0x0000000087400000|  0%| F|  |TAMS 0x0000000087300000, 0x0000000087300000| Untracked 
| 116|0x0000000087400000, 0x0000000087400000, 0x0000000087500000|  0%| F|  |TAMS 0x0000000087400000, 0x0000000087400000| Untracked 
| 117|0x0000000087500000, 0x0000000087500000, 0x0000000087600000|  0%| F|  |TAMS 0x0000000087500000, 0x0000000087500000| Untracked 
| 118|0x0000000087600000, 0x0000000087600000, 0x0000000087700000|  0%| F|  |TAMS 0x0000000087600000, 0x0000000087600000| Untracked 
| 119|0x0000000087700000, 0x0000000087700000, 0x0000000087800000|  0%| F|  |TAMS 0x0000000087700000, 0x0000000087700000| Untracked 
| 120|0x0000000087800000, 0x0000000087800000, 0x0000000087900000|  0%| F|  |TAMS 0x0000000087800000, 0x0000000087800000| Untracked 
| 121|0x0000000087900000, 0x0000000087900000, 0x0000000087a00000|  0%| F|  |TAMS 0x0000000087900000, 0x0000000087900000| Untracked 
| 122|0x0000000087a00000, 0x0000000087a00000, 0x0000000087b00000|  0%| F|  |TAMS 0x0000000087a00000, 0x0000000087a00000| Untracked 
| 123|0x0000000087b00000, 0x0000000087b00000, 0x0000000087c00000|  0%| F|  |TAMS 0x0000000087b00000, 0x0000000087b00000| Untracked 
| 124|0x0000000087c00000, 0x0000000087c00000, 0x0000000087d00000|  0%| F|  |TAMS 0x0000000087c00000, 0x0000000087c00000| Untracked 
| 125|0x0000000087d00000, 0x0000000087d00000, 0x0000000087e00000|  0%| F|  |TAMS 0x0000000087d00000, 0x0000000087d00000| Untracked 
| 126|0x0000000087e00000, 0x0000000087e00000, 0x0000000087f00000|  0%| F|  |TAMS 0x0000000087e00000, 0x0000000087e00000| Untracked 
| 127|0x0000000087f00000, 0x0000000087f00000, 0x0000000088000000|  0%| F|  |TAMS 0x0000000087f00000, 0x0000000087f00000| Untracked 

Card table byte_map: [0x0000024fb3180000,0x0000024fb3580000] _byte_map_base: 0x0000024fb2d80000

Marking Bits (Prev, Next): (CMBitMap*) 0x0000024f9ffbc2a8, (CMBitMap*) 0x0000024f9ffbc2e0
 Prev Bits: [0x0000024fb3980000, 0x0000024fb5980000)
 Next Bits: [0x0000024fb5980000, 0x0000024fb7980000)

Polling page: 0x0000024f9dd90000

Metaspace:

Usage:
  Non-class:     49.11 MB capacity,    48.16 MB ( 98%) used,   821.21 KB (  2%) free+waste,   145.31 KB ( <1%) overhead. 
      Class:      7.48 MB capacity,     7.00 MB ( 94%) used,   424.66 KB (  6%) free+waste,    68.81 KB ( <1%) overhead. 
       Both:     56.59 MB capacity,    55.17 MB ( 97%) used,     1.22 MB (  2%) free+waste,   214.13 KB ( <1%) overhead. 

Virtual space:
  Non-class space:       50.00 MB reserved,      49.25 MB ( 99%) committed 
      Class space:        1.00 GB reserved,       7.50 MB ( <1%) committed 
             Both:        1.05 GB reserved,      56.75 MB (  5%) committed 

Chunk freelists:
   Non-Class:  18.00 KB
       Class:  17.00 KB
        Both:  35.00 KB

MaxMetaspaceSize: 17179869184.00 GB
CompressedClassSpaceSize: 1.00 GB

CodeHeap 'non-profiled nmethods': size=120000Kb used=2828Kb max_used=2828Kb free=117171Kb
 bounds [0x0000024fab520000, 0x0000024fab7f0000, 0x0000024fb2a50000]
CodeHeap 'profiled nmethods': size=120000Kb used=11718Kb max_used=11718Kb free=108281Kb
 bounds [0x0000024fa3ff0000, 0x0000024fa4b70000, 0x0000024fab520000]
CodeHeap 'non-nmethods': size=5760Kb used=2238Kb max_used=2263Kb free=3521Kb
 bounds [0x0000024fa3a50000, 0x0000024fa3cc0000, 0x0000024fa3ff0000]
 total_blobs=6408 nmethods=5589 adapters=730
 compilation: enabled
              stopped_count=0, restarted_count=0
 full_count=0

Compilation events (20 events):
Event: 15.427 Thread 0x0000024fbac72000 5577       3       java.util.HashMap$EntrySet::size (8 bytes)
Event: 15.427 Thread 0x0000024fbac72000 nmethod 5577 0x0000024fa4b35090 code [0x0000024fa4b35240, 0x0000024fa4b35358]
Event: 15.427 Thread 0x0000024fbac72000 5572       3       com.google.common.reflect.Types::access$300 (5 bytes)
Event: 15.427 Thread 0x0000024fbac72000 nmethod 5572 0x0000024fa4b35410 code [0x0000024fa4b35600, 0x0000024fa4b35a58]
Event: 15.427 Thread 0x0000024fbac72000 5573       3       com.google.common.reflect.Types::toArray (19 bytes)
Event: 15.428 Thread 0x0000024fbac72000 nmethod 5573 0x0000024fa4b35b90 code [0x0000024fa4b35d60, 0x0000024fa4b36158]
Event: 15.428 Thread 0x0000024fbac72000 5574       3       com.google.common.collect.RegularImmutableList::copyIntoArray (21 bytes)
Event: 15.428 Thread 0x0000024fbac72000 nmethod 5574 0x0000024fa4b36290 code [0x0000024fa4b36460, 0x0000024fa4b36708]
Event: 15.428 Thread 0x0000024fbac72000 5580       3       java.lang.Class::isLocalClass (27 bytes)
Event: 15.428 Thread 0x0000024fbac72000 nmethod 5580 0x0000024fa4b36790 code [0x0000024fa4b36980, 0x0000024fa4b36d18]
Event: 15.450 Thread 0x0000024fbac72000 5582       3       sun.util.locale.LocaleUtils::isAlphaNumeric (20 bytes)
Event: 15.450 Thread 0x0000024fbac72000 nmethod 5582 0x0000024fa4b36e90 code [0x0000024fa4b37060, 0x0000024fa4b37418]
Event: 15.450 Thread 0x0000024fbac72000 5583       3       java.util.regex.Matcher::end (67 bytes)
Event: 15.451 Thread 0x0000024fbac72000 nmethod 5583 0x0000024fa4b37510 code [0x0000024fa4b377a0, 0x0000024fa4b38208]
Event: 15.590 Thread 0x0000024fbac72000 5588       3       java.lang.Class::createAnnotationData (195 bytes)
Event: 15.591 Thread 0x0000024fbac72000 nmethod 5588 0x0000024fa4b38610 code [0x0000024fa4b38980, 0x0000024fa4b39e78]
Event: 15.591 Thread 0x0000024fbac72000 5589       3       java.lang.reflect.Proxy::<init> (15 bytes)
Event: 15.591 Thread 0x0000024fbac72000 nmethod 5589 0x0000024fa4b3a590 code [0x0000024fa4b3a760, 0x0000024fa4b3aa68]
Event: 15.607 Thread 0x0000024fbac72000 5590       3       sun.net.www.protocol.jar.JarURLConnection::getUseCaches (8 bytes)
Event: 15.607 Thread 0x0000024fbac72000 nmethod 5590 0x0000024fa4b3ab90 code [0x0000024fa4b3ad40, 0x0000024fa4b3af08]

GC Heap History (16 events):
Event: 1.047 GC heap before
{Heap before GC invocations=0 (full 0):
 garbage-first heap   total 131072K, used 29696K [0x0000000080000000, 0x0000000100000000)
  region size 1024K, 24 young (24576K), 0 survivors (0K)
 Metaspace       used 10153K, capacity 10403K, committed 10624K, reserved 1058816K
  class space    used 1059K, capacity 1106K, committed 1152K, reserved 1048576K
}
Event: 1.052 GC heap after
{Heap after GC invocations=1 (full 0):
 garbage-first heap   total 131072K, used 9457K [0x0000000080000000, 0x0000000100000000)
  region size 1024K, 3 young (3072K), 3 survivors (3072K)
 Metaspace       used 10153K, capacity 10403K, committed 10624K, reserved 1058816K
  class space    used 1059K, capacity 1106K, committed 1152K, reserved 1048576K
}
Event: 6.201 GC heap before
{Heap before GC invocations=1 (full 0):
 garbage-first heap   total 131072K, used 84209K [0x0000000080000000, 0x0000000100000000)
  region size 1024K, 76 young (77824K), 3 survivors (3072K)
 Metaspace       used 17747K, capacity 18232K, committed 18432K, reserved 1064960K
  class space    used 2085K, capacity 2238K, committed 2304K, reserved 1048576K
}
Event: 6.209 GC heap after
{Heap after GC invocations=2 (full 0):
 garbage-first heap   total 131072K, used 16355K [0x0000000080000000, 0x0000000100000000)
  region size 1024K, 10 young (10240K), 10 survivors (10240K)
 Metaspace       used 17747K, capacity 18232K, committed 18432K, reserved 1064960K
  class space    used 2085K, capacity 2238K, committed 2304K, reserved 1048576K
}
Event: 6.618 GC heap before
{Heap before GC invocations=2 (full 0):
 garbage-first heap   total 131072K, used 39907K [0x0000000080000000, 0x0000000100000000)
  region size 1024K, 34 young (34816K), 10 survivors (10240K)
 Metaspace       used 20553K, capacity 21104K, committed 21248K, reserved 1067008K
  class space    used 2501K, capacity 2690K, committed 2816K, reserved 1048576K
}
Event: 6.626 GC heap after
{Heap after GC invocations=3 (full 0):
 garbage-first heap   total 131072K, used 17132K [0x0000000080000000, 0x0000000100000000)
  region size 1024K, 2 young (2048K), 2 survivors (2048K)
 Metaspace       used 20553K, capacity 21104K, committed 21248K, reserved 1067008K
  class space    used 2501K, capacity 2690K, committed 2816K, reserved 1048576K
}
Event: 7.209 GC heap before
{Heap before GC invocations=4 (full 0):
 garbage-first heap   total 131072K, used 71404K [0x0000000080000000, 0x0000000100000000)
  region size 1024K, 56 young (57344K), 2 survivors (2048K)
 Metaspace       used 26034K, capacity 26727K, committed 27008K, reserved 1073152K
  class space    used 3402K, capacity 3633K, committed 3712K, reserved 1048576K
}
Event: 7.212 GC heap after
{Heap after GC invocations=5 (full 0):
 garbage-first heap   total 131072K, used 18599K [0x0000000080000000, 0x0000000100000000)
  region size 1024K, 3 young (3072K), 3 survivors (3072K)
 Metaspace       used 26034K, capacity 26727K, committed 27008K, reserved 1073152K
  class space    used 3402K, capacity 3633K, committed 3712K, reserved 1048576K
}
Event: 8.758 GC heap before
{Heap before GC invocations=5 (full 0):
 garbage-first heap   total 131072K, used 73895K [0x0000000080000000, 0x0000000100000000)
  region size 1024K, 59 young (60416K), 3 survivors (3072K)
 Metaspace       used 35054K, capacity 35806K, committed 35840K, reserved 1081344K
  class space    used 4532K, capacity 4832K, committed 4864K, reserved 1048576K
}
Event: 8.770 GC heap after
{Heap after GC invocations=6 (full 0):
 garbage-first heap   total 131072K, used 22100K [0x0000000080000000, 0x0000000100000000)
  region size 1024K, 6 young (6144K), 6 survivors (6144K)
 Metaspace       used 35054K, capacity 35806K, committed 35840K, reserved 1081344K
  class space    used 4532K, capacity 4832K, committed 4864K, reserved 1048576K
}
Event: 10.068 GC heap before
{Heap before GC invocations=7 (full 0):
 garbage-first heap   total 131072K, used 88660K [0x0000000080000000, 0x0000000100000000)
  region size 1024K, 69 young (70656K), 6 survivors (6144K)
 Metaspace       used 40607K, capacity 41577K, committed 41728K, reserved 1085440K
  class space    used 5242K, capacity 5614K, committed 5632K, reserved 1048576K
}
Event: 10.076 GC heap after
{Heap after GC invocations=8 (full 0):
 garbage-first heap   total 131072K, used 26245K [0x0000000080000000, 0x0000000100000000)
  region size 1024K, 8 young (8192K), 8 survivors (8192K)
 Metaspace       used 40607K, capacity 41577K, committed 41728K, reserved 1085440K
  class space    used 5242K, capacity 5614K, committed 5632K, reserved 1048576K
}
Event: 10.869 GC heap before
{Heap before GC invocations=8 (full 0):
 garbage-first heap   total 131072K, used 89733K [0x0000000080000000, 0x0000000100000000)
  region size 1024K, 70 young (71680K), 8 survivors (8192K)
 Metaspace       used 45643K, capacity 46704K, committed 46720K, reserved 1089536K
  class space    used 5855K, capacity 6259K, committed 6272K, reserved 1048576K
}
Event: 10.877 GC heap after
{Heap after GC invocations=9 (full 0):
 garbage-first heap   total 131072K, used 28778K [0x0000000080000000, 0x0000000100000000)
  region size 1024K, 7 young (7168K), 7 survivors (7168K)
 Metaspace       used 45643K, capacity 46704K, committed 46720K, reserved 1089536K
  class space    used 5855K, capacity 6259K, committed 6272K, reserved 1048576K
}
Event: 13.336 GC heap before
{Heap before GC invocations=9 (full 0):
 garbage-first heap   total 131072K, used 96362K [0x0000000080000000, 0x0000000100000000)
  region size 1024K, 70 young (71680K), 7 survivors (7168K)
 Metaspace       used 49629K, capacity 51039K, committed 51200K, reserved 1093632K
  class space    used 6315K, capacity 6792K, committed 6912K, reserved 1048576K
}
Event: 13.351 GC heap after
{Heap after GC invocations=10 (full 0):
 garbage-first heap   total 131072K, used 41319K [0x0000000080000000, 0x0000000100000000)
  region size 1024K, 9 young (9216K), 9 survivors (9216K)
 Metaspace       used 49629K, capacity 51039K, committed 51200K, reserved 1093632K
  class space    used 6315K, capacity 6792K, committed 6912K, reserved 1048576K
}

Deoptimization events (20 events):
Event: 13.630 Thread 0x0000024fbcd4b800 Uncommon trap: trap_request=0xffffff4d fr.pc=0x0000024fab5fbadc relative=0x000000000000047c
Event: 13.630 Thread 0x0000024fbcd4b800 Uncommon trap: reason=unstable_if action=reinterpret pc=0x0000024fab5fbadc method=java.lang.String.getBytes([BIB)V @ 5 c2
Event: 13.630 Thread 0x0000024fbcd4b800 DEOPT PACKING pc=0x0000024fab5fbadc sp=0x0000009f0c7f77e0
Event: 13.630 Thread 0x0000024fbcd4b800 DEOPT UNPACKING pc=0x0000024fa3a778af sp=0x0000009f0c7f76d8 mode 2
Event: 13.955 Thread 0x0000024fbcd4b800 DEOPT PACKING pc=0x0000024fa4251217 sp=0x0000009f0c7f6ed0
Event: 13.955 Thread 0x0000024fbcd4b800 DEOPT UNPACKING pc=0x0000024fa3a776ce sp=0x0000009f0c7f6458 mode 0
Event: 13.960 Thread 0x0000024fbcd4b800 DEOPT PACKING pc=0x0000024fa4251217 sp=0x0000009f0c7f70b0
Event: 13.960 Thread 0x0000024fbcd4b800 DEOPT UNPACKING pc=0x0000024fa3a776ce sp=0x0000009f0c7f6638 mode 0
Event: 13.964 Thread 0x0000024fbcd4b800 DEOPT PACKING pc=0x0000024fa4251217 sp=0x0000009f0c7f6ec0
Event: 13.964 Thread 0x0000024fbcd4b800 DEOPT UNPACKING pc=0x0000024fa3a776ce sp=0x0000009f0c7f6448 mode 0
Event: 13.973 Thread 0x0000024fbcd4b800 DEOPT PACKING pc=0x0000024fa4251217 sp=0x0000009f0c7f6dd0
Event: 13.973 Thread 0x0000024fbcd4b800 DEOPT UNPACKING pc=0x0000024fa3a776ce sp=0x0000009f0c7f6358 mode 0
Event: 13.975 Thread 0x0000024fbcd4b800 DEOPT PACKING pc=0x0000024fa4251217 sp=0x0000009f0c7f70b0
Event: 13.975 Thread 0x0000024fbcd4b800 DEOPT UNPACKING pc=0x0000024fa3a776ce sp=0x0000009f0c7f6638 mode 0
Event: 13.978 Thread 0x0000024fbcd4b800 DEOPT PACKING pc=0x0000024fa4251217 sp=0x0000009f0c7f6ed0
Event: 13.978 Thread 0x0000024fbcd4b800 DEOPT UNPACKING pc=0x0000024fa3a776ce sp=0x0000009f0c7f6458 mode 0
Event: 14.085 Thread 0x0000024fbcd4b800 Uncommon trap: trap_request=0xffffffc6 fr.pc=0x0000024fab676844 relative=0x00000000000002c4
Event: 14.085 Thread 0x0000024fbcd4b800 Uncommon trap: reason=bimorphic_or_optimized_type_check action=maybe_recompile pc=0x0000024fab676844 method=java.util.Spliterators$IteratorSpliterator.tryAdvance(Ljava/util/function/Consumer;)Z @ 50 c2
Event: 14.085 Thread 0x0000024fbcd4b800 DEOPT PACKING pc=0x0000024fab676844 sp=0x0000009f0c7f8310
Event: 14.085 Thread 0x0000024fbcd4b800 DEOPT UNPACKING pc=0x0000024fa3a778af sp=0x0000009f0c7f82a0 mode 2

Classes redefined (0 events):
No events

Internal exceptions (20 events):
Event: 12.826 Thread 0x0000024fbb905800 Exception <a 'java/lang/NoSuchMethodError'{0x000000008511f3b8}: <clinit>> (0x000000008511f3b8) thrown at [./src/hotspot/share/prims/jni.cpp, line 1362]
Event: 12.826 Thread 0x0000024fbb905800 Exception <a 'java/lang/NoSuchMethodError'{0x00000000851204c8}: <clinit>> (0x00000000851204c8) thrown at [./src/hotspot/share/prims/jni.cpp, line 1362]
Event: 12.826 Thread 0x0000024fbb905800 Exception <a 'java/lang/NoSuchMethodError'{0x00000000851217d0}: <clinit>> (0x00000000851217d0) thrown at [./src/hotspot/share/prims/jni.cpp, line 1362]
Event: 12.826 Thread 0x0000024fbb905800 Exception <a 'java/lang/NoSuchMethodError'{0x00000000851227f0}: <clinit>> (0x00000000851227f0) thrown at [./src/hotspot/share/prims/jni.cpp, line 1362]
Event: 12.829 Thread 0x0000024fbb905800 Exception <a 'java/lang/NoSuchMethodError'{0x000000008512c668}: <clinit>> (0x000000008512c668) thrown at [./src/hotspot/share/prims/jni.cpp, line 1362]
Event: 12.830 Thread 0x0000024fbb905800 Exception <a 'java/lang/NoSuchMethodError'{0x0000000085136ba0}: <clinit>> (0x0000000085136ba0) thrown at [./src/hotspot/share/prims/jni.cpp, line 1362]
Event: 12.840 Thread 0x0000024fbb905800 Exception <a 'java/lang/NoSuchMethodError'{0x000000008514a8f8}: <clinit>> (0x000000008514a8f8) thrown at [./src/hotspot/share/prims/jni.cpp, line 1362]
Event: 12.912 Thread 0x0000024fbcd4b800 Exception <a 'java/lang/ClassNotFoundException'{0x00000000851d0bd0}: build_cs67jde4sl1zdgh2q2jsjpw7mBeanInfo> (0x00000000851d0bd0) thrown at [./src/hotspot/share/classfile/systemDictionary.cpp, line 231]
Event: 12.913 Thread 0x0000024fbcd4b800 Exception <a 'java/lang/ClassNotFoundException'{0x00000000851dbaf8}: build_cs67jde4sl1zdgh2q2jsjpw7mCustomizer> (0x00000000851dbaf8) thrown at [./src/hotspot/share/classfile/systemDictionary.cpp, line 231]
Event: 12.921 Thread 0x0000024fbcd4b800 Exception <a 'java/lang/ClassNotFoundException'{0x000000008505bff0}: org/gradle/plugin/use/internal/PluginRequestCollector$PluginDependenciesSpecImplBeanInfo> (0x000000008505bff0) thrown at [./src/hotspot/share/classfile/systemDictionary.cpp, line 231]
Event: 12.921 Thread 0x0000024fbcd4b800 Exception <a 'java/lang/ClassNotFoundException'{0x000000008508a100}: org/gradle/plugin/use/internal/PluginRequestCollector$PluginDependenciesSpecImplCustomizer> (0x000000008508a100) thrown at [./src/hotspot/share/classfile/systemDictionary.cpp, line 231]
Event: 13.006 Thread 0x0000024fbcd4b800 Exception <a 'java/lang/ClassNotFoundException'{0x0000000084d06df8}: org/gradle/api/internal/plugins/DefaultObjectConfigurationActionBeanInfo> (0x0000000084d06df8) thrown at [./src/hotspot/share/classfile/systemDictionary.cpp, line 231]
Event: 13.007 Thread 0x0000024fbcd4b800 Exception <a 'java/lang/ClassNotFoundException'{0x0000000084d3a198}: org/gradle/api/internal/plugins/DefaultObjectConfigurationActionCustomizer> (0x0000000084d3a198) thrown at [./src/hotspot/share/classfile/systemDictionary.cpp, line 231]
Event: 13.275 Thread 0x0000024fbcd4b800 Exception <a 'java/lang/NoSuchMethodError'{0x000000008430e410}: 'java.lang.Object java.lang.invoke.DirectMethodHandle$Holder.invokeStatic(java.lang.Object, java.lang.Object, java.lang.Object, java.lang.Object, int)'> (0x000000008430e410) thrown at [./src/hotspot/share/interpreter/linkResolver.cpp, line 773]
Event: 13.275 Thread 0x0000024fbcd4b800 Exception <a 'java/lang/NoSuchMethodError'{0x0000000084312e08}: 'java.lang.Object java.lang.invoke.DirectMethodHandle$Holder.invokeSpecial(java.lang.Object, java.lang.Object, java.lang.Object, java.lang.Object, java.lang.Object, int)'> (0x0000000084312e08) thrown at [./src/hotspot/share/interpreter/linkResolver.cpp, line 773]
Event: 13.275 Thread 0x0000024fbcd4b800 Exception <a 'java/lang/NoSuchMethodError'{0x0000000084317448}: 'java.lang.Object java.lang.invoke.Invokers$Holder.linkToTargetMethod(java.lang.Object, java.lang.Object, java.lang.Object, int, java.lang.Object)'> (0x0000000084317448) thrown at [./src/hotspot/share/interpreter/linkResolver.cpp, line 773]
Event: 13.729 Thread 0x0000024fbcd4b800 Exception <a 'java/lang/NoSuchMethodError'{0x00000000874af730}: 'java.lang.Object java.lang.invoke.DirectMethodHandle$Holder.invokeSpecial(java.lang.Object, java.lang.Object, int, int, java.lang.Object, java.lang.Object, java.lang.Object)'> (0x00000000874af730) thrown at [./src/hotspot/share/interpreter/linkResolver.cpp, line 773]
Event: 13.729 Thread 0x0000024fbcd4b800 Exception <a 'java/lang/NoSuchMethodError'{0x00000000874b3cb0}: 'java.lang.Object java.lang.invoke.DelegatingMethodHandle$Holder.reinvoke_L(java.lang.Object, int, int, java.lang.Object, java.lang.Object, java.lang.Object)'> (0x00000000874b3cb0) thrown at [./src/hotspot/share/interpreter/linkResolver.cpp, line 773]
Event: 14.126 Thread 0x0000024fbcd4b800 Exception <a 'java/lang/NoSuchMethodError'{0x000000008682a8f0}: 'int java.lang.invoke.DirectMethodHandle$Holder.invokeInterface(java.lang.Object, java.lang.Object, java.lang.Object, java.lang.Object)'> (0x000000008682a8f0) thrown at [./src/hotspot/share/interpreter/linkResolver.cpp, line 773]
Event: 15.428 Thread 0x0000024fbcd4b800 Exception <a 'java/lang/NoSuchMethodError'{0x00000000859f50b0}: 'void java.lang.invoke.DirectMethodHandle$Holder.invokeInterface(java.lang.Object, java.lang.Object, java.lang.Object, java.lang.Object)'> (0x00000000859f50b0) thrown at [./src/hotspot/share/interpreter/linkResolver.cpp, line 773]

Events (20 events):
Event: 15.561 loading class org/gradle/language/jvm/tasks/ProcessResources
Event: 15.561 loading class org/gradle/language/jvm/tasks/ProcessResources done
Event: 15.562 loading class org/gradle/api/tasks/Copy
Event: 15.562 loading class org/gradle/api/tasks/Copy done
Event: 15.564 loading class org/gradle/api/internal/component/DefaultSoftwareComponentContainer
Event: 15.564 loading class org/gradle/api/internal/component/DefaultSoftwareComponentContainer done
Event: 15.572 loading class org/gradle/api/internal/component/SoftwareComponentInternal
Event: 15.572 loading class org/gradle/api/internal/component/SoftwareComponentInternal done
Event: 15.576 loading class org/gradle/api/plugins/jvm/internal/DefaultJvmPluginServices
Event: 15.576 loading class org/gradle/api/plugins/jvm/internal/DefaultJvmPluginServices done
Event: 15.588 loading class org/gradle/api/tasks/SourceSetContainer
Event: 15.588 loading class org/gradle/api/tasks/SourceSetContainer done
Event: 15.589 loading class org/gradle/api/plugins/jvm/internal/JvmEcosystemAttributesDetails
Event: 15.589 loading class org/gradle/api/plugins/jvm/internal/JvmEcosystemAttributesDetails done
Event: 15.591 loading class org/gradle/api/plugins/BasePlugin
Event: 15.591 loading class org/gradle/api/plugins/BasePlugin done
Event: 15.606 loading class org/gradle/api/plugins/BasePluginConvention
Event: 15.606 loading class org/gradle/api/plugins/BasePluginConvention done
Event: 15.614 loading class org/gradle/api/plugins/internal/DefaultBasePluginConvention
Event: 15.614 loading class org/gradle/api/plugins/internal/DefaultBasePluginConvention done


Dynamic libraries:
0x00007ff6957c0000 - 0x00007ff6957ca000 	D:\android\jre\bin\java.exe
0x00007ff848ec0000 - 0x00007ff8490b0000 	C:\WINDOWS\SYSTEM32\ntdll.dll
0x00007ff848130000 - 0x00007ff8481e2000 	C:\WINDOWS\System32\KERNEL32.DLL
0x00007ff845f50000 - 0x00007ff8461f4000 	C:\WINDOWS\System32\KERNELBASE.dll
0x00007ff845e50000 - 0x00007ff845f4a000 	C:\WINDOWS\System32\ucrtbase.dll
0x00007ff8352f0000 - 0x00007ff835307000 	D:\android\jre\bin\VCRUNTIME140.dll
0x00007ff835ab0000 - 0x00007ff835ac9000 	D:\android\jre\bin\jli.dll
0x00007ff847420000 - 0x00007ff8475b4000 	C:\WINDOWS\System32\USER32.dll
0x00007ff846980000 - 0x00007ff8469a1000 	C:\WINDOWS\System32\win32u.dll
0x00007ff848340000 - 0x00007ff848366000 	C:\WINDOWS\System32\GDI32.dll
0x00007ff846a30000 - 0x00007ff846bc5000 	C:\WINDOWS\System32\gdi32full.dll
0x00007ff846d20000 - 0x00007ff846dbe000 	C:\WINDOWS\System32\msvcp_win.dll
0x00007ff845290000 - 0x00007ff845514000 	C:\WINDOWS\WinSxS\amd64_microsoft.windows.common-controls_6595b64144ccf1df_6.0.18362.900_none_e6beb9d913147d17\COMCTL32.dll
0x00007ff847120000 - 0x00007ff8471be000 	C:\WINDOWS\System32\msvcrt.dll
0x00007ff847aa0000 - 0x00007ff847dd5000 	C:\WINDOWS\System32\combase.dll
0x00007ff8471c0000 - 0x00007ff8472e0000 	C:\WINDOWS\System32\RPCRT4.dll
0x00007ff8469b0000 - 0x00007ff846a30000 	C:\WINDOWS\System32\bcryptPrimitives.dll
0x00007ff848100000 - 0x00007ff84812e000 	C:\WINDOWS\System32\IMM32.DLL
0x00007ff818550000 - 0x00007ff8185ed000 	D:\android\jre\bin\msvcp140.dll
0x00007ff8051a0000 - 0x00007ff805c6f000 	D:\android\jre\bin\server\jvm.dll
0x00007ff848030000 - 0x00007ff8480d3000 	C:\WINDOWS\System32\ADVAPI32.dll
0x00007ff8482a0000 - 0x00007ff848337000 	C:\WINDOWS\System32\sechost.dll
0x00007ff848420000 - 0x00007ff848428000 	C:\WINDOWS\System32\PSAPI.DLL
0x00007ff8433e0000 - 0x00007ff843404000 	C:\WINDOWS\SYSTEM32\WINMM.dll
0x00007ff837820000 - 0x00007ff83782a000 	C:\WINDOWS\SYSTEM32\VERSION.dll
0x00007ff844210000 - 0x00007ff844219000 	C:\WINDOWS\SYSTEM32\WSOCK32.dll
0x00007ff847de0000 - 0x00007ff847e4f000 	C:\WINDOWS\System32\WS2_32.dll
0x00007ff842f60000 - 0x00007ff842f8d000 	C:\WINDOWS\SYSTEM32\winmmbase.dll
0x00007ff846cd0000 - 0x00007ff846d1a000 	C:\WINDOWS\System32\cfgmgr32.dll
0x00007ff845e00000 - 0x00007ff845e11000 	C:\WINDOWS\System32\kernel.appcore.dll
0x00007ff8435a0000 - 0x00007ff8435b1000 	D:\android\jre\bin\verify.dll
0x00007ff8458a0000 - 0x00007ff845a94000 	C:\WINDOWS\SYSTEM32\DBGHELP.DLL
0x00007ff8457b0000 - 0x00007ff8457da000 	C:\WINDOWS\SYSTEM32\dbgcore.DLL
0x00007ff839110000 - 0x00007ff839139000 	D:\android\jre\bin\java.dll
0x00007ff8391c0000 - 0x00007ff8391cb000 	D:\android\jre\bin\jimage.dll
0x00007ff8373d0000 - 0x00007ff8373e8000 	D:\android\jre\bin\zip.dll
0x00007ff848430000 - 0x00007ff848b16000 	C:\WINDOWS\System32\SHELL32.dll
0x00007ff8481f0000 - 0x00007ff848299000 	C:\WINDOWS\System32\shcore.dll
0x00007ff846200000 - 0x00007ff846980000 	C:\WINDOWS\System32\windows.storage.dll
0x00007ff845e20000 - 0x00007ff845e43000 	C:\WINDOWS\System32\profapi.dll
0x00007ff845db0000 - 0x00007ff845dfa000 	C:\WINDOWS\System32\powrprof.dll
0x00007ff845d80000 - 0x00007ff845d90000 	C:\WINDOWS\System32\UMPDC.dll
0x00007ff848e20000 - 0x00007ff848e72000 	C:\WINDOWS\System32\shlwapi.dll
0x00007ff846cb0000 - 0x00007ff846cc7000 	C:\WINDOWS\System32\cryptsp.dll
0x00007ff836640000 - 0x00007ff83665a000 	D:\android\jre\bin\net.dll
0x00007ff838410000 - 0x00007ff838500000 	C:\WINDOWS\SYSTEM32\WINHTTP.dll
0x00007ff844f70000 - 0x00007ff844fd7000 	C:\WINDOWS\system32\mswsock.dll
0x00007ff835d00000 - 0x00007ff835d14000 	D:\android\jre\bin\nio.dll
0x00007ff82b3b0000 - 0x00007ff82b3d7000 	C:\Users\Administrator\.gradle\native\8bec1ad78214c89d9ad589b4d07fe93259594b29d510b10fafb7a158f7737e5d\windows-amd64\native-platform.dll
0x00007ff812ec0000 - 0x00007ff812ffd000 	C:\Users\Administrator\.gradle\native\53dbd7edfb1c66fb8903c78663c9afc45aea4f116125fa6feffd364cf09443e8\windows-amd64\native-platform-file-events.dll
0x00007ff8391a0000 - 0x00007ff8391aa000 	D:\android\jre\bin\management.dll
0x00007ff8374d0000 - 0x00007ff8374dc000 	D:\android\jre\bin\management_ext.dll
0x00007ff844ae0000 - 0x00007ff844b13000 	C:\WINDOWS\system32\rsaenh.dll
0x00007ff846c80000 - 0x00007ff846ca6000 	C:\WINDOWS\System32\bcrypt.dll
0x00007ff845ca0000 - 0x00007ff845cc5000 	C:\WINDOWS\SYSTEM32\USERENV.dll
0x00007ff845140000 - 0x00007ff84514c000 	C:\WINDOWS\SYSTEM32\CRYPTBASE.dll
0x00007ff844c80000 - 0x00007ff844cba000 	C:\WINDOWS\SYSTEM32\IPHLPAPI.DLL
0x00007ff847ed0000 - 0x00007ff847ed8000 	C:\WINDOWS\System32\NSI.dll
0x00007ff839940000 - 0x00007ff839956000 	C:\WINDOWS\SYSTEM32\dhcpcsvc6.DLL
0x00007ff839920000 - 0x00007ff83993c000 	C:\WINDOWS\SYSTEM32\dhcpcsvc.DLL
0x00007ff844cc0000 - 0x00007ff844d8b000 	C:\WINDOWS\SYSTEM32\DNSAPI.dll

dbghelp: loaded successfully - version: 4.0.5 - missing functions: none
symbol engine: initialized successfully - sym options: 0x614 - pdb path: .;D:\android\jre\bin;C:\WINDOWS\SYSTEM32;C:\WINDOWS\WinSxS\amd64_microsoft.windows.common-controls_6595b64144ccf1df_6.0.18362.900_none_e6beb9d913147d17;D:\android\jre\bin\server;C:\Users\Administrator\.gradle\native\8bec1ad78214c89d9ad589b4d07fe93259594b29d510b10fafb7a158f7737e5d\windows-amd64;C:\Users\Administrator\.gradle\native\53dbd7edfb1c66fb8903c78663c9afc45aea4f116125fa6feffd364cf09443e8\windows-amd64

VM Arguments:
jvm_args: --add-opens=java.base/java.util=ALL-UNNAMED --add-opens=java.base/java.lang=ALL-UNNAMED --add-opens=java.base/java.lang.invoke=ALL-UNNAMED --add-opens=java.base/java.util=ALL-UNNAMED --add-opens=java.prefs/java.util.prefs=ALL-UNNAMED --add-opens=java.prefs/java.util.prefs=ALL-UNNAMED --add-opens=java.base/java.nio.charset=ALL-UNNAMED --add-opens=java.base/java.net=ALL-UNNAMED --add-opens=java.base/java.util.concurrent.atomic=ALL-UNNAMED -Xmx2048m -Dfile.encoding=UTF-8 -Duser.country=CN -Duser.language=zh -Duser.variant 
java_command: org.gradle.launcher.daemon.bootstrap.GradleDaemon 7.0.2
java_class_path (initial): C:\Users\Administrator\.gradle\wrapper\dists\gradle-7.0.2-bin\857tjihv64xamwrf0h14cai3r\gradle-7.0.2\lib\gradle-launcher-7.0.2.jar
Launcher Type: SUN_STANDARD

[Global flags]
     intx CICompilerCount                          = 4                                         {product} {ergonomic}
     uint ConcGCThreads                            = 2                                         {product} {ergonomic}
     uint G1ConcRefinementThreads                  = 8                                         {product} {ergonomic}
   size_t G1HeapRegionSize                         = 1048576                                   {product} {ergonomic}
    uintx GCDrainStackTargetSize                   = 64                                        {product} {ergonomic}
   size_t InitialHeapSize                          = 134217728                                 {product} {ergonomic}
   size_t MarkStackSize                            = 4194304                                   {product} {ergonomic}
   size_t MaxHeapSize                              = 2147483648                                {product} {command line}
   size_t MaxNewSize                               = 1287651328                                {product} {ergonomic}
   size_t MinHeapDeltaBytes                        = 1048576                                   {product} {ergonomic}
    uintx NonNMethodCodeHeapSize                   = 5836300                                {pd product} {ergonomic}
    uintx NonProfiledCodeHeapSize                  = 122910970                              {pd product} {ergonomic}
    uintx ProfiledCodeHeapSize                     = 122910970                              {pd product} {ergonomic}
    uintx ReservedCodeCacheSize                    = 251658240                              {pd product} {ergonomic}
     bool SegmentedCodeCache                       = true                                      {product} {ergonomic}
     bool UseCompressedClassPointers               = true                                 {lp64_product} {ergonomic}
     bool UseCompressedOops                        = true                                 {lp64_product} {ergonomic}
     bool UseG1GC                                  = true                                      {product} {ergonomic}
     bool UseLargePagesIndividualAllocation        = false                                  {pd product} {ergonomic}

Logging:
Log output configuration:
 #0: stdout all=warning uptime,level,tags
 #1: stderr all=off uptime,level,tags

Environment Variables:
JAVA_HOME=C:\Program Files\Java\jdk1.8.0_25
CLASSPATH=C:\Program Files\Java\jdk1.8.0_25\lib\dt.jar;C:\Program Files\Java\jdk1.8.0_25\lib\tools.jar
PATH=D:\anaconda;D:\anaconda\Library\mingw-w64\bin;D:\anaconda\Library\usr\bin;D:\anaconda\Library\bin;D:\anaconda\Scripts;C:\Program Files\Java\jdk1.8.0_25\bin;C:\Program Files\Java\jdk1.8.0_25\jre\bin;D:\oracle11g\product\11.2.0\dbhome_1\bin;C:\Program Files (x86)\Common Files\Oracle\Java\javapath;C:\ProgramData\Oracle\Java\javapath;C:\WINDOWS\system32;C:\WINDOWS;C:\WINDOWS\System32\Wbem;C:\WINDOWS\System32\WindowsPowerShell\v1.0\;C:\WINDOWS\System32\OpenSSH\;C:\Users\Administrator\AppData\Local\Programs\Python\Python38\Scripts;C:\Users\Administrator\AppData\Local\Programs\Python\Python38;C:\Program Files\Microsoft VS Code\bin;D:\Git\cmd;C:\Users\Administrator\AppData\Local\Programs\Python\Python38\Scripts\;C:\Users\Administrator\AppData\Local\Programs\Python\Python38\;C:\Users\Administrator\AppData\Local\Microsoft\WindowsApps;
USERNAME=Administrator
OS=Windows_NT
PROCESSOR_IDENTIFIER=Intel64 Family 6 Model 158 Stepping 10, GenuineIntel



---------------  S Y S T E M  ---------------

OS: Windows 10 , 64 bit Build 18362 (10.0.18362.900)
OS uptime: 10 days 14:34 hours

CPU:total 8 (initial active 8) (4 cores per cpu, 2 threads per core) family 6 model 158 stepping 10 microcode 0xb4, cmov, cx8, fxsr, mmx, sse, sse2, sse3, ssse3, sse4.1, sse4.2, popcnt, avx, avx2, aes, clmul, erms, 3dnowpref, lzcnt, ht, tsc, tscinvbit, bmi1, bmi2, adx, fma

Memory: 4k page, system-wide physical 8066M (157M free)
TotalPageFile size 23228M (AvailPageFile size 1300M)
current process WorkingSet (physical memory assigned to process): 299M, peak: 299M
current process commit charge ("private bytes"): 339M, peak: 347M

vm_info: OpenJDK 64-Bit Server VM (11.0.10+0-b96-7249189) for windows-amd64 JRE (11.0.10+0-b96-7249189), built on Mar 31 2021 21:44:00 by "builder" with MS VC++ 14.0 (VS2015)

END.
